Arguments: 
  C:\Program Files\nodejs\node.exe C:\Users\Peyton\AppData\Roaming\npm\node_modules\yarn\bin\yarn.js start

PATH: 
  C:\Program Files (x86)\Common Files\Intel\Shared Libraries\redist\intel64\compiler;C:\Program Files\Haskell\bin;C:\Program Files\Haskell Platform\8.6.5\lib\extralibs\bin;C:\Program Files\Haskell Platform\8.6.5\bin;C:\Users\Peyton\AppData\Roaming\npm;C:\Program Files\dotnet\;C:\Program Files\Microsoft SQL Server\Client SDK\ODBC\170\Tools\Binn\;C:\Program Files\nodejs\;C:\Program Files\antlr-4.8-complete.jar;C:\CS\opencv\build\x64\vc15\bin;C:\Javalib\;C:\Program Files\Java\jre1.8.0_241\bin;C:\Program Files\Java\jdk1.8.0_211\bin;C:\Program Files\Haskell Platform\8.6.5\mingw\bin;c:\windows\system32;C:\Program Files (x86)\Yarn\bin\;C:\Program Files\swipl\bin;C:\Program Files\swipl\bin;C:\Users\Peyton\AppData\Roaming\cabal\bin;C:\Users\Peyton\AppData\Roaming\local\bin;C:\Users\Peyton\AppData\Local\Microsoft\WindowsApps;C:\Users\Peyton\AppData\Local\GitHubDesktop\bin;C:\Users\Peyton\AppData\Local\Programs\Microsoft VS Code\bin;C:\Users\Peyton\AppData\Local\Microsoft\WindowsApps;C:\Users\Peyton\.dotnet\tools;C:\Users\Peyton\AppData\Roaming\npm;C:\Users\Peyton\AppData\Local\Yarn\bin;C:\Program Files\heroku\bin

Yarn version: 
  1.22.0

Node version: 
  13.6.0

Platform: 
  win32 x64

Trace: 
  SyntaxError: C:\School\HCI\SilentDiscoApp\SilentDiscoApp\package.json: Unexpected token / in JSON at position 426
      at JSON.parse (<anonymous>)
      at C:\Users\Peyton\AppData\Roaming\npm\node_modules\yarn\lib\cli.js:1625:59
      at Generator.next (<anonymous>)
      at step (C:\Users\Peyton\AppData\Roaming\npm\node_modules\yarn\lib\cli.js:310:30)
      at C:\Users\Peyton\AppData\Roaming\npm\node_modules\yarn\lib\cli.js:321:13

npm manifest: 
  {
    "name": "silentdiscoapp",
    "version": "1.0.0",
    "main": "Client/App.js",
    "license": "MIT",
    "scripts": {
      "client": "cd client && expo start",
      "server": "nodemon server/server.js",
      "dev": "concurrently  \"cd client && expo start\"", 
      "build": "cd client && npm build",
      "start": "npm run-script dev"
  },
  "repository": {
    "type": "git",
    "url": "https://github.com/pmarinelli18/SilentDiscoApp"
  }
  }
  
  //\"nodemon server/server.js\"

yarn manifest: 
  No manifest

Lockfile: 
  # THIS IS AN AUTOGENERATED FILE. DO NOT EDIT THIS FILE DIRECTLY.
  # yarn lockfile v1
